<?xml version="1.0" encoding="UTF-8"?>
<testsuite name="tests.AmazonTests" tests="2" skipped="0" failures="0" errors="0" timestamp="2022-03-26T22:40:43" hostname="Anhelinas-MacBook-Pro.local" time="13.875">
  <properties/>
  <testcase name="test" classname="tests.AmazonTests" time="13.145"/>
  <testcase name="test" classname="tests.AmazonTests" time="13.875"/>
  <system-out><![CDATA[]]></system-out>
  <system-err><![CDATA[]]></system-err>
</testsuite>
